  CAnimation.cpp
D:\cpp_Exercise\Project2\Project2\struct.h(78,18): warning C4244: '초기화 중': 'double'에서 'float'(으)로 변환하면서 데이터가 손실될 수 있습니다.
  (소스 파일 'CAnimation.cpp'을(를) 컴파일하는 중)
  
D:\cpp_Exercise\Project2\Project2\struct.h(79,18): warning C4244: '초기화 중': 'double'에서 'float'(으)로 변환하면서 데이터가 손실될 수 있습니다.
  (소스 파일 'CAnimation.cpp'을(를) 컴파일하는 중)
  
D:\cpp_Exercise\Project2\Project2\struct.h(87,14): warning C4244: 'return': 'double'에서 'float'(으)로 변환하면서 데이터가 손실될 수 있습니다.
  (소스 파일 'CAnimation.cpp'을(를) 컴파일하는 중)
  
D:\cpp_Exercise\Project2\Project2\struct.h(113,6): warning C4244: '초기화 중': 'double'에서 'float'(으)로 변환하면서 데이터가 손실될 수 있습니다.
  (소스 파일 'CAnimation.cpp'을(를) 컴파일하는 중)
  
D:\cpp_Exercise\Project2\Project2\struct.h(114,6): warning C4244: '초기화 중': 'double'에서 'float'(으)로 변환하면서 데이터가 손실될 수 있습니다.
  (소스 파일 'CAnimation.cpp'을(를) 컴파일하는 중)
  
D:\cpp_Exercise\Project2\Project2\CAnimation.h(38,42): warning C4267: 'return': 'size_t'에서 'int'(으)로 변환하면서 데이터가 손실될 수 있습니다.
  (소스 파일 'CAnimation.cpp'을(를) 컴파일하는 중)
  
D:\cpp_Exercise\Project2\Project2\CAnimation.cpp(75,20): warning C4018: '<': signed 또는 unsigned가 일치하지 않습니다.
  CAnimator.cpp
D:\cpp_Exercise\Project2\Project2\struct.h(78,18): warning C4244: '초기화 중': 'double'에서 'float'(으)로 변환하면서 데이터가 손실될 수 있습니다.
  (소스 파일 'CAnimator.cpp'을(를) 컴파일하는 중)
  
D:\cpp_Exercise\Project2\Project2\struct.h(79,18): warning C4244: '초기화 중': 'double'에서 'float'(으)로 변환하면서 데이터가 손실될 수 있습니다.
  (소스 파일 'CAnimator.cpp'을(를) 컴파일하는 중)
  
D:\cpp_Exercise\Project2\Project2\struct.h(87,14): warning C4244: 'return': 'double'에서 'float'(으)로 변환하면서 데이터가 손실될 수 있습니다.
  (소스 파일 'CAnimator.cpp'을(를) 컴파일하는 중)
  
D:\cpp_Exercise\Project2\Project2\struct.h(113,6): warning C4244: '초기화 중': 'double'에서 'float'(으)로 변환하면서 데이터가 손실될 수 있습니다.
  (소스 파일 'CAnimator.cpp'을(를) 컴파일하는 중)
  
D:\cpp_Exercise\Project2\Project2\struct.h(114,6): warning C4244: '초기화 중': 'double'에서 'float'(으)로 변환하면서 데이터가 손실될 수 있습니다.
  (소스 파일 'CAnimator.cpp'을(를) 컴파일하는 중)
  
D:\cpp_Exercise\Project2\Project2\CAnimation.h(38,42): warning C4267: 'return': 'size_t'에서 'int'(으)로 변환하면서 데이터가 손실될 수 있습니다.
  (소스 파일 'CAnimator.cpp'을(를) 컴파일하는 중)
  
  CCamera.cpp
D:\cpp_Exercise\Project2\Project2\struct.h(78,18): warning C4244: '초기화 중': 'double'에서 'float'(으)로 변환하면서 데이터가 손실될 수 있습니다.
  (소스 파일 'CCamera.cpp'을(를) 컴파일하는 중)
  
D:\cpp_Exercise\Project2\Project2\struct.h(79,18): warning C4244: '초기화 중': 'double'에서 'float'(으)로 변환하면서 데이터가 손실될 수 있습니다.
  (소스 파일 'CCamera.cpp'을(를) 컴파일하는 중)
  
D:\cpp_Exercise\Project2\Project2\struct.h(87,14): warning C4244: 'return': 'double'에서 'float'(으)로 변환하면서 데이터가 손실될 수 있습니다.
  (소스 파일 'CCamera.cpp'을(를) 컴파일하는 중)
  
D:\cpp_Exercise\Project2\Project2\struct.h(113,6): warning C4244: '초기화 중': 'double'에서 'float'(으)로 변환하면서 데이터가 손실될 수 있습니다.
  (소스 파일 'CCamera.cpp'을(를) 컴파일하는 중)
  
D:\cpp_Exercise\Project2\Project2\struct.h(114,6): warning C4244: '초기화 중': 'double'에서 'float'(으)로 변환하면서 데이터가 손실될 수 있습니다.
  (소스 파일 'CCamera.cpp'을(를) 컴파일하는 중)
  
  CCollider.cpp
D:\cpp_Exercise\Project2\Project2\struct.h(78,18): warning C4244: '초기화 중': 'double'에서 'float'(으)로 변환하면서 데이터가 손실될 수 있습니다.
  (소스 파일 'CCollider.cpp'을(를) 컴파일하는 중)
  
D:\cpp_Exercise\Project2\Project2\struct.h(79,18): warning C4244: '초기화 중': 'double'에서 'float'(으)로 변환하면서 데이터가 손실될 수 있습니다.
  (소스 파일 'CCollider.cpp'을(를) 컴파일하는 중)
  
D:\cpp_Exercise\Project2\Project2\struct.h(87,14): warning C4244: 'return': 'double'에서 'float'(으)로 변환하면서 데이터가 손실될 수 있습니다.
  (소스 파일 'CCollider.cpp'을(를) 컴파일하는 중)
  
D:\cpp_Exercise\Project2\Project2\struct.h(113,6): warning C4244: '초기화 중': 'double'에서 'float'(으)로 변환하면서 데이터가 손실될 수 있습니다.
  (소스 파일 'CCollider.cpp'을(를) 컴파일하는 중)
  
D:\cpp_Exercise\Project2\Project2\struct.h(114,6): warning C4244: '초기화 중': 'double'에서 'float'(으)로 변환하면서 데이터가 손실될 수 있습니다.
  (소스 파일 'CCollider.cpp'을(를) 컴파일하는 중)
  
D:\cpp_Exercise\Project2\Project2\CCollider.cpp(62,23): warning C4244: '인수': 'float'에서 'int'(으)로 변환하면서 데이터가 손실될 수 있습니다.
D:\cpp_Exercise\Project2\Project2\CCollider.cpp(61,23): warning C4244: '인수': 'float'에서 'int'(으)로 변환하면서 데이터가 손실될 수 있습니다.
D:\cpp_Exercise\Project2\Project2\CCollider.cpp(60,23): warning C4244: '인수': 'float'에서 'int'(으)로 변환하면서 데이터가 손실될 수 있습니다.
D:\cpp_Exercise\Project2\Project2\CCollider.cpp(59,23): warning C4244: '인수': 'float'에서 'int'(으)로 변환하면서 데이터가 손실될 수 있습니다.
  CCollisionMgr.cpp
D:\cpp_Exercise\Project2\Project2\struct.h(78,18): warning C4244: '초기화 중': 'double'에서 'float'(으)로 변환하면서 데이터가 손실될 수 있습니다.
  (소스 파일 'CCollisionMgr.cpp'을(를) 컴파일하는 중)
  
D:\cpp_Exercise\Project2\Project2\struct.h(79,18): warning C4244: '초기화 중': 'double'에서 'float'(으)로 변환하면서 데이터가 손실될 수 있습니다.
  (소스 파일 'CCollisionMgr.cpp'을(를) 컴파일하는 중)
  
D:\cpp_Exercise\Project2\Project2\struct.h(87,14): warning C4244: 'return': 'double'에서 'float'(으)로 변환하면서 데이터가 손실될 수 있습니다.
  (소스 파일 'CCollisionMgr.cpp'을(를) 컴파일하는 중)
  
D:\cpp_Exercise\Project2\Project2\struct.h(113,6): warning C4244: '초기화 중': 'double'에서 'float'(으)로 변환하면서 데이터가 손실될 수 있습니다.
  (소스 파일 'CCollisionMgr.cpp'을(를) 컴파일하는 중)
  
D:\cpp_Exercise\Project2\Project2\struct.h(114,6): warning C4244: '초기화 중': 'double'에서 'float'(으)로 변환하면서 데이터가 손실될 수 있습니다.
  (소스 파일 'CCollisionMgr.cpp'을(를) 컴파일하는 중)
  
  CCore.cpp
D:\cpp_Exercise\Project2\Project2\struct.h(78,18): warning C4244: '초기화 중': 'double'에서 'float'(으)로 변환하면서 데이터가 손실될 수 있습니다.
  (소스 파일 'CCore.cpp'을(를) 컴파일하는 중)
  
D:\cpp_Exercise\Project2\Project2\struct.h(79,18): warning C4244: '초기화 중': 'double'에서 'float'(으)로 변환하면서 데이터가 손실될 수 있습니다.
  (소스 파일 'CCore.cpp'을(를) 컴파일하는 중)
  
D:\cpp_Exercise\Project2\Project2\struct.h(87,14): warning C4244: 'return': 'double'에서 'float'(으)로 변환하면서 데이터가 손실될 수 있습니다.
  (소스 파일 'CCore.cpp'을(를) 컴파일하는 중)
  
D:\cpp_Exercise\Project2\Project2\struct.h(113,6): warning C4244: '초기화 중': 'double'에서 'float'(으)로 변환하면서 데이터가 손실될 수 있습니다.
  (소스 파일 'CCore.cpp'을(를) 컴파일하는 중)
  
D:\cpp_Exercise\Project2\Project2\struct.h(114,6): warning C4244: '초기화 중': 'double'에서 'float'(으)로 변환하면서 데이터가 손실될 수 있습니다.
  (소스 파일 'CCore.cpp'을(를) 컴파일하는 중)
  
  CEventMgr.cpp
D:\cpp_Exercise\Project2\Project2\struct.h(78,18): warning C4244: '초기화 중': 'double'에서 'float'(으)로 변환하면서 데이터가 손실될 수 있습니다.
  (소스 파일 'CEventMgr.cpp'을(를) 컴파일하는 중)
  
D:\cpp_Exercise\Project2\Project2\struct.h(79,18): warning C4244: '초기화 중': 'double'에서 'float'(으)로 변환하면서 데이터가 손실될 수 있습니다.
  (소스 파일 'CEventMgr.cpp'을(를) 컴파일하는 중)
  
D:\cpp_Exercise\Project2\Project2\struct.h(87,14): warning C4244: 'return': 'double'에서 'float'(으)로 변환하면서 데이터가 손실될 수 있습니다.
  (소스 파일 'CEventMgr.cpp'을(를) 컴파일하는 중)
  
D:\cpp_Exercise\Project2\Project2\struct.h(113,6): warning C4244: '초기화 중': 'double'에서 'float'(으)로 변환하면서 데이터가 손실될 수 있습니다.
  (소스 파일 'CEventMgr.cpp'을(를) 컴파일하는 중)
  
D:\cpp_Exercise\Project2\Project2\struct.h(114,6): warning C4244: '초기화 중': 'double'에서 'float'(으)로 변환하면서 데이터가 손실될 수 있습니다.
  (소스 파일 'CEventMgr.cpp'을(를) 컴파일하는 중)
  
  CKeyMgr.cpp
D:\cpp_Exercise\Project2\Project2\struct.h(78,18): warning C4244: '초기화 중': 'double'에서 'float'(으)로 변환하면서 데이터가 손실될 수 있습니다.
  (소스 파일 'CKeyMgr.cpp'을(를) 컴파일하는 중)
  
D:\cpp_Exercise\Project2\Project2\struct.h(79,18): warning C4244: '초기화 중': 'double'에서 'float'(으)로 변환하면서 데이터가 손실될 수 있습니다.
  (소스 파일 'CKeyMgr.cpp'을(를) 컴파일하는 중)
  
D:\cpp_Exercise\Project2\Project2\struct.h(87,14): warning C4244: 'return': 'double'에서 'float'(으)로 변환하면서 데이터가 손실될 수 있습니다.
  (소스 파일 'CKeyMgr.cpp'을(를) 컴파일하는 중)
  
D:\cpp_Exercise\Project2\Project2\struct.h(113,6): warning C4244: '초기화 중': 'double'에서 'float'(으)로 변환하면서 데이터가 손실될 수 있습니다.
  (소스 파일 'CKeyMgr.cpp'을(를) 컴파일하는 중)
  
D:\cpp_Exercise\Project2\Project2\struct.h(114,6): warning C4244: '초기화 중': 'double'에서 'float'(으)로 변환하면서 데이터가 손실될 수 있습니다.
  (소스 파일 'CKeyMgr.cpp'을(를) 컴파일하는 중)
  
  CMissile.cpp
D:\cpp_Exercise\Project2\Project2\struct.h(78,18): warning C4244: '초기화 중': 'double'에서 'float'(으)로 변환하면서 데이터가 손실될 수 있습니다.
  (소스 파일 'CMissile.cpp'을(를) 컴파일하는 중)
  
D:\cpp_Exercise\Project2\Project2\struct.h(79,18): warning C4244: '초기화 중': 'double'에서 'float'(으)로 변환하면서 데이터가 손실될 수 있습니다.
  (소스 파일 'CMissile.cpp'을(를) 컴파일하는 중)
  
D:\cpp_Exercise\Project2\Project2\struct.h(87,14): warning C4244: 'return': 'double'에서 'float'(으)로 변환하면서 데이터가 손실될 수 있습니다.
  (소스 파일 'CMissile.cpp'을(를) 컴파일하는 중)
  
D:\cpp_Exercise\Project2\Project2\struct.h(113,6): warning C4244: '초기화 중': 'double'에서 'float'(으)로 변환하면서 데이터가 손실될 수 있습니다.
  (소스 파일 'CMissile.cpp'을(를) 컴파일하는 중)
  
D:\cpp_Exercise\Project2\Project2\struct.h(114,6): warning C4244: '초기화 중': 'double'에서 'float'(으)로 변환하면서 데이터가 손실될 수 있습니다.
  (소스 파일 'CMissile.cpp'을(를) 컴파일하는 중)
  
  CMonster.cpp
D:\cpp_Exercise\Project2\Project2\struct.h(78,18): warning C4244: '초기화 중': 'double'에서 'float'(으)로 변환하면서 데이터가 손실될 수 있습니다.
  (소스 파일 'CMonster.cpp'을(를) 컴파일하는 중)
  
D:\cpp_Exercise\Project2\Project2\struct.h(79,18): warning C4244: '초기화 중': 'double'에서 'float'(으)로 변환하면서 데이터가 손실될 수 있습니다.
  (소스 파일 'CMonster.cpp'을(를) 컴파일하는 중)
  
D:\cpp_Exercise\Project2\Project2\struct.h(87,14): warning C4244: 'return': 'double'에서 'float'(으)로 변환하면서 데이터가 손실될 수 있습니다.
  (소스 파일 'CMonster.cpp'을(를) 컴파일하는 중)
  
D:\cpp_Exercise\Project2\Project2\struct.h(113,6): warning C4244: '초기화 중': 'double'에서 'float'(으)로 변환하면서 데이터가 손실될 수 있습니다.
  (소스 파일 'CMonster.cpp'을(를) 컴파일하는 중)
  
D:\cpp_Exercise\Project2\Project2\struct.h(114,6): warning C4244: '초기화 중': 'double'에서 'float'(으)로 변환하면서 데이터가 손실될 수 있습니다.
  (소스 파일 'CMonster.cpp'을(를) 컴파일하는 중)
  
  CObject.cpp
D:\cpp_Exercise\Project2\Project2\struct.h(78,18): warning C4244: '초기화 중': 'double'에서 'float'(으)로 변환하면서 데이터가 손실될 수 있습니다.
  (소스 파일 'CObject.cpp'을(를) 컴파일하는 중)
  
D:\cpp_Exercise\Project2\Project2\struct.h(79,18): warning C4244: '초기화 중': 'double'에서 'float'(으)로 변환하면서 데이터가 손실될 수 있습니다.
  (소스 파일 'CObject.cpp'을(를) 컴파일하는 중)
  
D:\cpp_Exercise\Project2\Project2\struct.h(87,14): warning C4244: 'return': 'double'에서 'float'(으)로 변환하면서 데이터가 손실될 수 있습니다.
  (소스 파일 'CObject.cpp'을(를) 컴파일하는 중)
  
D:\cpp_Exercise\Project2\Project2\struct.h(113,6): warning C4244: '초기화 중': 'double'에서 'float'(으)로 변환하면서 데이터가 손실될 수 있습니다.
  (소스 파일 'CObject.cpp'을(를) 컴파일하는 중)
  
D:\cpp_Exercise\Project2\Project2\struct.h(114,6): warning C4244: '초기화 중': 'double'에서 'float'(으)로 변환하면서 데이터가 손실될 수 있습니다.
  (소스 파일 'CObject.cpp'을(를) 컴파일하는 중)
  
  CPathMgr.cpp
D:\cpp_Exercise\Project2\Project2\struct.h(78,18): warning C4244: '초기화 중': 'double'에서 'float'(으)로 변환하면서 데이터가 손실될 수 있습니다.
  (소스 파일 'CPathMgr.cpp'을(를) 컴파일하는 중)
  
D:\cpp_Exercise\Project2\Project2\struct.h(79,18): warning C4244: '초기화 중': 'double'에서 'float'(으)로 변환하면서 데이터가 손실될 수 있습니다.
  (소스 파일 'CPathMgr.cpp'을(를) 컴파일하는 중)
  
D:\cpp_Exercise\Project2\Project2\struct.h(87,14): warning C4244: 'return': 'double'에서 'float'(으)로 변환하면서 데이터가 손실될 수 있습니다.
  (소스 파일 'CPathMgr.cpp'을(를) 컴파일하는 중)
  
D:\cpp_Exercise\Project2\Project2\struct.h(113,6): warning C4244: '초기화 중': 'double'에서 'float'(으)로 변환하면서 데이터가 손실될 수 있습니다.
  (소스 파일 'CPathMgr.cpp'을(를) 컴파일하는 중)
  
D:\cpp_Exercise\Project2\Project2\struct.h(114,6): warning C4244: '초기화 중': 'double'에서 'float'(으)로 변환하면서 데이터가 손실될 수 있습니다.
  (소스 파일 'CPathMgr.cpp'을(를) 컴파일하는 중)
  
  CPlayer.cpp
D:\cpp_Exercise\Project2\Project2\struct.h(78,18): warning C4244: '초기화 중': 'double'에서 'float'(으)로 변환하면서 데이터가 손실될 수 있습니다.
  (소스 파일 'CPlayer.cpp'을(를) 컴파일하는 중)
  
D:\cpp_Exercise\Project2\Project2\struct.h(79,18): warning C4244: '초기화 중': 'double'에서 'float'(으)로 변환하면서 데이터가 손실될 수 있습니다.
  (소스 파일 'CPlayer.cpp'을(를) 컴파일하는 중)
  
D:\cpp_Exercise\Project2\Project2\struct.h(87,14): warning C4244: 'return': 'double'에서 'float'(으)로 변환하면서 데이터가 손실될 수 있습니다.
  (소스 파일 'CPlayer.cpp'을(를) 컴파일하는 중)
  
D:\cpp_Exercise\Project2\Project2\struct.h(113,6): warning C4244: '초기화 중': 'double'에서 'float'(으)로 변환하면서 데이터가 손실될 수 있습니다.
  (소스 파일 'CPlayer.cpp'을(를) 컴파일하는 중)
  
D:\cpp_Exercise\Project2\Project2\struct.h(114,6): warning C4244: '초기화 중': 'double'에서 'float'(으)로 변환하면서 데이터가 손실될 수 있습니다.
  (소스 파일 'CPlayer.cpp'을(를) 컴파일하는 중)
  
D:\cpp_Exercise\Project2\Project2\CAnimation.h(38,42): warning C4267: 'return': 'size_t'에서 'int'(으)로 변환하면서 데이터가 손실될 수 있습니다.
  (소스 파일 'CPlayer.cpp'을(를) 컴파일하는 중)
  
  CRes.cpp
D:\cpp_Exercise\Project2\Project2\struct.h(78,18): warning C4244: '초기화 중': 'double'에서 'float'(으)로 변환하면서 데이터가 손실될 수 있습니다.
  (소스 파일 'CRes.cpp'을(를) 컴파일하는 중)
  
D:\cpp_Exercise\Project2\Project2\struct.h(79,18): warning C4244: '초기화 중': 'double'에서 'float'(으)로 변환하면서 데이터가 손실될 수 있습니다.
  (소스 파일 'CRes.cpp'을(를) 컴파일하는 중)
  
D:\cpp_Exercise\Project2\Project2\struct.h(87,14): warning C4244: 'return': 'double'에서 'float'(으)로 변환하면서 데이터가 손실될 수 있습니다.
  (소스 파일 'CRes.cpp'을(를) 컴파일하는 중)
  
D:\cpp_Exercise\Project2\Project2\struct.h(113,6): warning C4244: '초기화 중': 'double'에서 'float'(으)로 변환하면서 데이터가 손실될 수 있습니다.
  (소스 파일 'CRes.cpp'을(를) 컴파일하는 중)
  
D:\cpp_Exercise\Project2\Project2\struct.h(114,6): warning C4244: '초기화 중': 'double'에서 'float'(으)로 변환하면서 데이터가 손실될 수 있습니다.
  (소스 파일 'CRes.cpp'을(를) 컴파일하는 중)
  
  CResMgr.cpp
D:\cpp_Exercise\Project2\Project2\struct.h(78,18): warning C4244: '초기화 중': 'double'에서 'float'(으)로 변환하면서 데이터가 손실될 수 있습니다.
  (소스 파일 'CResMgr.cpp'을(를) 컴파일하는 중)
  
D:\cpp_Exercise\Project2\Project2\struct.h(79,18): warning C4244: '초기화 중': 'double'에서 'float'(으)로 변환하면서 데이터가 손실될 수 있습니다.
  (소스 파일 'CResMgr.cpp'을(를) 컴파일하는 중)
  
D:\cpp_Exercise\Project2\Project2\struct.h(87,14): warning C4244: 'return': 'double'에서 'float'(으)로 변환하면서 데이터가 손실될 수 있습니다.
  (소스 파일 'CResMgr.cpp'을(를) 컴파일하는 중)
  
D:\cpp_Exercise\Project2\Project2\struct.h(113,6): warning C4244: '초기화 중': 'double'에서 'float'(으)로 변환하면서 데이터가 손실될 수 있습니다.
  (소스 파일 'CResMgr.cpp'을(를) 컴파일하는 중)
  
D:\cpp_Exercise\Project2\Project2\struct.h(114,6): warning C4244: '초기화 중': 'double'에서 'float'(으)로 변환하면서 데이터가 손실될 수 있습니다.
  (소스 파일 'CResMgr.cpp'을(를) 컴파일하는 중)
  
  CScene.cpp
D:\cpp_Exercise\Project2\Project2\struct.h(78,18): warning C4244: '초기화 중': 'double'에서 'float'(으)로 변환하면서 데이터가 손실될 수 있습니다.
  (소스 파일 'CScene.cpp'을(를) 컴파일하는 중)
  
D:\cpp_Exercise\Project2\Project2\struct.h(79,18): warning C4244: '초기화 중': 'double'에서 'float'(으)로 변환하면서 데이터가 손실될 수 있습니다.
  (소스 파일 'CScene.cpp'을(를) 컴파일하는 중)
  
D:\cpp_Exercise\Project2\Project2\struct.h(87,14): warning C4244: 'return': 'double'에서 'float'(으)로 변환하면서 데이터가 손실될 수 있습니다.
  (소스 파일 'CScene.cpp'을(를) 컴파일하는 중)
  
D:\cpp_Exercise\Project2\Project2\struct.h(113,6): warning C4244: '초기화 중': 'double'에서 'float'(으)로 변환하면서 데이터가 손실될 수 있습니다.
  (소스 파일 'CScene.cpp'을(를) 컴파일하는 중)
  
D:\cpp_Exercise\Project2\Project2\struct.h(114,6): warning C4244: '초기화 중': 'double'에서 'float'(으)로 변환하면서 데이터가 손실될 수 있습니다.
  (소스 파일 'CScene.cpp'을(를) 컴파일하는 중)
  
  CSceneMgr.cpp
D:\cpp_Exercise\Project2\Project2\struct.h(78,18): warning C4244: '초기화 중': 'double'에서 'float'(으)로 변환하면서 데이터가 손실될 수 있습니다.
  (소스 파일 'CSceneMgr.cpp'을(를) 컴파일하는 중)
  
D:\cpp_Exercise\Project2\Project2\struct.h(79,18): warning C4244: '초기화 중': 'double'에서 'float'(으)로 변환하면서 데이터가 손실될 수 있습니다.
  (소스 파일 'CSceneMgr.cpp'을(를) 컴파일하는 중)
  
D:\cpp_Exercise\Project2\Project2\struct.h(87,14): warning C4244: 'return': 'double'에서 'float'(으)로 변환하면서 데이터가 손실될 수 있습니다.
  (소스 파일 'CSceneMgr.cpp'을(를) 컴파일하는 중)
  
D:\cpp_Exercise\Project2\Project2\struct.h(113,6): warning C4244: '초기화 중': 'double'에서 'float'(으)로 변환하면서 데이터가 손실될 수 있습니다.
  (소스 파일 'CSceneMgr.cpp'을(를) 컴파일하는 중)
  
D:\cpp_Exercise\Project2\Project2\struct.h(114,6): warning C4244: '초기화 중': 'double'에서 'float'(으)로 변환하면서 데이터가 손실될 수 있습니다.
  (소스 파일 'CSceneMgr.cpp'을(를) 컴파일하는 중)
  
  CScene_Start.cpp
D:\cpp_Exercise\Project2\Project2\struct.h(78,18): warning C4244: '초기화 중': 'double'에서 'float'(으)로 변환하면서 데이터가 손실될 수 있습니다.
  (소스 파일 'CScene_Start.cpp'을(를) 컴파일하는 중)
  
D:\cpp_Exercise\Project2\Project2\struct.h(79,18): warning C4244: '초기화 중': 'double'에서 'float'(으)로 변환하면서 데이터가 손실될 수 있습니다.
  (소스 파일 'CScene_Start.cpp'을(를) 컴파일하는 중)
  
D:\cpp_Exercise\Project2\Project2\struct.h(87,14): warning C4244: 'return': 'double'에서 'float'(으)로 변환하면서 데이터가 손실될 수 있습니다.
  (소스 파일 'CScene_Start.cpp'을(를) 컴파일하는 중)
  
D:\cpp_Exercise\Project2\Project2\struct.h(113,6): warning C4244: '초기화 중': 'double'에서 'float'(으)로 변환하면서 데이터가 손실될 수 있습니다.
  (소스 파일 'CScene_Start.cpp'을(를) 컴파일하는 중)
  
D:\cpp_Exercise\Project2\Project2\struct.h(114,6): warning C4244: '초기화 중': 'double'에서 'float'(으)로 변환하면서 데이터가 손실될 수 있습니다.
  (소스 파일 'CScene_Start.cpp'을(를) 컴파일하는 중)
  
  CScene_Tool.cpp
D:\cpp_Exercise\Project2\Project2\struct.h(78,18): warning C4244: '초기화 중': 'double'에서 'float'(으)로 변환하면서 데이터가 손실될 수 있습니다.
  (소스 파일 'CScene_Tool.cpp'을(를) 컴파일하는 중)
  
D:\cpp_Exercise\Project2\Project2\struct.h(79,18): warning C4244: '초기화 중': 'double'에서 'float'(으)로 변환하면서 데이터가 손실될 수 있습니다.
  (소스 파일 'CScene_Tool.cpp'을(를) 컴파일하는 중)
  
D:\cpp_Exercise\Project2\Project2\struct.h(87,14): warning C4244: 'return': 'double'에서 'float'(으)로 변환하면서 데이터가 손실될 수 있습니다.
  (소스 파일 'CScene_Tool.cpp'을(를) 컴파일하는 중)
  
D:\cpp_Exercise\Project2\Project2\struct.h(113,6): warning C4244: '초기화 중': 'double'에서 'float'(으)로 변환하면서 데이터가 손실될 수 있습니다.
  (소스 파일 'CScene_Tool.cpp'을(를) 컴파일하는 중)
  
D:\cpp_Exercise\Project2\Project2\struct.h(114,6): warning C4244: '초기화 중': 'double'에서 'float'(으)로 변환하면서 데이터가 손실될 수 있습니다.
  (소스 파일 'CScene_Tool.cpp'을(를) 컴파일하는 중)
  
  CSound.cpp
D:\cpp_Exercise\Project2\Project2\struct.h(78,18): warning C4244: '초기화 중': 'double'에서 'float'(으)로 변환하면서 데이터가 손실될 수 있습니다.
  (소스 파일 'CSound.cpp'을(를) 컴파일하는 중)
  
D:\cpp_Exercise\Project2\Project2\struct.h(79,18): warning C4244: '초기화 중': 'double'에서 'float'(으)로 변환하면서 데이터가 손실될 수 있습니다.
  (소스 파일 'CSound.cpp'을(를) 컴파일하는 중)
  
D:\cpp_Exercise\Project2\Project2\struct.h(87,14): warning C4244: 'return': 'double'에서 'float'(으)로 변환하면서 데이터가 손실될 수 있습니다.
  (소스 파일 'CSound.cpp'을(를) 컴파일하는 중)
  
D:\cpp_Exercise\Project2\Project2\struct.h(113,6): warning C4244: '초기화 중': 'double'에서 'float'(으)로 변환하면서 데이터가 손실될 수 있습니다.
  (소스 파일 'CSound.cpp'을(를) 컴파일하는 중)
  
D:\cpp_Exercise\Project2\Project2\struct.h(114,6): warning C4244: '초기화 중': 'double'에서 'float'(으)로 변환하면서 데이터가 손실될 수 있습니다.
  (소스 파일 'CSound.cpp'을(를) 컴파일하는 중)
  
  CTexture.cpp
D:\cpp_Exercise\Project2\Project2\struct.h(78,18): warning C4244: '초기화 중': 'double'에서 'float'(으)로 변환하면서 데이터가 손실될 수 있습니다.
  (소스 파일 'CTexture.cpp'을(를) 컴파일하는 중)
  
D:\cpp_Exercise\Project2\Project2\struct.h(79,18): warning C4244: '초기화 중': 'double'에서 'float'(으)로 변환하면서 데이터가 손실될 수 있습니다.
  (소스 파일 'CTexture.cpp'을(를) 컴파일하는 중)
  
D:\cpp_Exercise\Project2\Project2\struct.h(87,14): warning C4244: 'return': 'double'에서 'float'(으)로 변환하면서 데이터가 손실될 수 있습니다.
  (소스 파일 'CTexture.cpp'을(를) 컴파일하는 중)
  
D:\cpp_Exercise\Project2\Project2\struct.h(113,6): warning C4244: '초기화 중': 'double'에서 'float'(으)로 변환하면서 데이터가 손실될 수 있습니다.
  (소스 파일 'CTexture.cpp'을(를) 컴파일하는 중)
  
D:\cpp_Exercise\Project2\Project2\struct.h(114,6): warning C4244: '초기화 중': 'double'에서 'float'(으)로 변환하면서 데이터가 손실될 수 있습니다.
  (소스 파일 'CTexture.cpp'을(를) 컴파일하는 중)
  
  CTimeMgr.cpp
D:\cpp_Exercise\Project2\Project2\struct.h(78,18): warning C4244: '초기화 중': 'double'에서 'float'(으)로 변환하면서 데이터가 손실될 수 있습니다.
  (소스 파일 'CTimeMgr.cpp'을(를) 컴파일하는 중)
  
D:\cpp_Exercise\Project2\Project2\struct.h(79,18): warning C4244: '초기화 중': 'double'에서 'float'(으)로 변환하면서 데이터가 손실될 수 있습니다.
  (소스 파일 'CTimeMgr.cpp'을(를) 컴파일하는 중)
  
D:\cpp_Exercise\Project2\Project2\struct.h(87,14): warning C4244: 'return': 'double'에서 'float'(으)로 변환하면서 데이터가 손실될 수 있습니다.
  (소스 파일 'CTimeMgr.cpp'을(를) 컴파일하는 중)
  
D:\cpp_Exercise\Project2\Project2\struct.h(113,6): warning C4244: '초기화 중': 'double'에서 'float'(으)로 변환하면서 데이터가 손실될 수 있습니다.
  (소스 파일 'CTimeMgr.cpp'을(를) 컴파일하는 중)
  
D:\cpp_Exercise\Project2\Project2\struct.h(114,6): warning C4244: '초기화 중': 'double'에서 'float'(으)로 변환하면서 데이터가 손실될 수 있습니다.
  (소스 파일 'CTimeMgr.cpp'을(를) 컴파일하는 중)
  
  SelectGDI.cpp
D:\cpp_Exercise\Project2\Project2\struct.h(78,18): warning C4244: '초기화 중': 'double'에서 'float'(으)로 변환하면서 데이터가 손실될 수 있습니다.
  (소스 파일 'SelectGDI.cpp'을(를) 컴파일하는 중)
  
D:\cpp_Exercise\Project2\Project2\struct.h(79,18): warning C4244: '초기화 중': 'double'에서 'float'(으)로 변환하면서 데이터가 손실될 수 있습니다.
  (소스 파일 'SelectGDI.cpp'을(를) 컴파일하는 중)
  
D:\cpp_Exercise\Project2\Project2\struct.h(87,14): warning C4244: 'return': 'double'에서 'float'(으)로 변환하면서 데이터가 손실될 수 있습니다.
  (소스 파일 'SelectGDI.cpp'을(를) 컴파일하는 중)
  
D:\cpp_Exercise\Project2\Project2\struct.h(113,6): warning C4244: '초기화 중': 'double'에서 'float'(으)로 변환하면서 데이터가 손실될 수 있습니다.
  (소스 파일 'SelectGDI.cpp'을(를) 컴파일하는 중)
  
D:\cpp_Exercise\Project2\Project2\struct.h(114,6): warning C4244: '초기화 중': 'double'에서 'float'(으)로 변환하면서 데이터가 손실될 수 있습니다.
  (소스 파일 'SelectGDI.cpp'을(를) 컴파일하는 중)
  
  func.cpp
D:\cpp_Exercise\Project2\Project2\struct.h(78,18): warning C4244: '초기화 중': 'double'에서 'float'(으)로 변환하면서 데이터가 손실될 수 있습니다.
  (소스 파일 'func.cpp'을(를) 컴파일하는 중)
  
D:\cpp_Exercise\Project2\Project2\struct.h(79,18): warning C4244: '초기화 중': 'double'에서 'float'(으)로 변환하면서 데이터가 손실될 수 있습니다.
  (소스 파일 'func.cpp'을(를) 컴파일하는 중)
  
D:\cpp_Exercise\Project2\Project2\struct.h(87,14): warning C4244: 'return': 'double'에서 'float'(으)로 변환하면서 데이터가 손실될 수 있습니다.
  (소스 파일 'func.cpp'을(를) 컴파일하는 중)
  
D:\cpp_Exercise\Project2\Project2\struct.h(113,6): warning C4244: '초기화 중': 'double'에서 'float'(으)로 변환하면서 데이터가 손실될 수 있습니다.
  (소스 파일 'func.cpp'을(를) 컴파일하는 중)
  
D:\cpp_Exercise\Project2\Project2\struct.h(114,6): warning C4244: '초기화 중': 'double'에서 'float'(으)로 변환하면서 데이터가 손실될 수 있습니다.
  (소스 파일 'func.cpp'을(를) 컴파일하는 중)
  
  main.cpp
D:\cpp_Exercise\Project2\Project2\struct.h(78,18): warning C4244: '초기화 중': 'double'에서 'float'(으)로 변환하면서 데이터가 손실될 수 있습니다.
  (소스 파일 'main.cpp'을(를) 컴파일하는 중)
  
D:\cpp_Exercise\Project2\Project2\struct.h(79,18): warning C4244: '초기화 중': 'double'에서 'float'(으)로 변환하면서 데이터가 손실될 수 있습니다.
  (소스 파일 'main.cpp'을(를) 컴파일하는 중)
  
D:\cpp_Exercise\Project2\Project2\struct.h(87,14): warning C4244: 'return': 'double'에서 'float'(으)로 변환하면서 데이터가 손실될 수 있습니다.
  (소스 파일 'main.cpp'을(를) 컴파일하는 중)
  
D:\cpp_Exercise\Project2\Project2\struct.h(113,6): warning C4244: '초기화 중': 'double'에서 'float'(으)로 변환하면서 데이터가 손실될 수 있습니다.
  (소스 파일 'main.cpp'을(를) 컴파일하는 중)
  
D:\cpp_Exercise\Project2\Project2\struct.h(114,6): warning C4244: '초기화 중': 'double'에서 'float'(으)로 변환하면서 데이터가 손실될 수 있습니다.
  (소스 파일 'main.cpp'을(를) 컴파일하는 중)
  
  Project2.vcxproj -> D:\cpp_Exercise\Project2\Output\bin_debug\Project2.exe
